[2026-05-06T00:26:06.711Z] MfT Scout Runner starting (interval: 30min, loop: false)
[2026-05-06T00:26:06.712Z] === Scout + Drop Cycle ===
[2026-05-06T00:26:06.712Z] Running agent scout...
[2026-05-06T00:26:28.973Z] Scout found 9 new agents (37 total)
[2026-05-06T00:26:28.974Z] No new targets to drop.
[2026-05-06T00:26:28.974Z] Cycle done. New agents: 9, Drops: 0
[2026-05-06T00:29:28.244Z] MfT Scout Runner starting (interval: 30min, loop: true)
[2026-05-06T00:29:28.245Z] === Scout + Drop Cycle ===
[2026-05-06T00:29:28.245Z] Running agent scout...
[2026-05-06T00:29:57.408Z] Scout found 8 new agents (45 total)
[2026-05-06T00:29:57.558Z] Wallet: 0xE2a4A8b9d77080c57799A94BA8eDeb2Dd6e0aC10 | MfT: 2913338 | ETH: 0.001775
[2026-05-06T00:29:57.558Z] Dropping 100 MfT + note to 8 targets...
[2026-05-06T00:30:02.320Z]   Note skipped for 0xd0d08887e8..
[2026-05-06T00:30:02.321Z]   [1/8] 0xd0d08887e8a5.. [hot] score:46 OK
[2026-05-06T00:30:17.273Z]   [2/8] 0x68cdc74d8376.. [hot] score:42 OK
[2026-05-06T00:30:33.177Z]   [3/8] 0xd14afb7d8db3.. [hot] score:36 OK
[2026-05-06T00:30:49.697Z]   [4/8] 0x5300cf6102e9.. [hot] score:36 OK
[2026-05-06T00:30:56.540Z]   Note skipped for 0x7d9361b692..
[2026-05-06T00:30:56.541Z]   [5/8] 0x7d9361b69268.. [hot] score:30 OK
[2026-05-06T00:31:08.293Z]   [6/8] 0xd95afe04f90e.. [warm] score:29 OK
[2026-05-06T00:31:23.678Z]   [7/8] 0x5a8a941a3a7b.. [warm] score:29 OK
[2026-05-06T00:31:38.487Z]   [8/8] 0x95e41cfb7888.. [warm] score:24 OK
[2026-05-06T00:31:38.487Z] Drops complete: 8/8 sent, 800 MfT total
[2026-05-06T00:31:38.487Z] Cycle done. New agents: 8, Drops: 8
[2026-05-06T00:31:38.488Z] Next scan in 30 minutes...
[2026-05-06T01:01:38.492Z] === Scout + Drop Cycle ===
[2026-05-06T01:01:38.493Z] Running agent scout...
[2026-05-06T01:02:06.853Z] Scout found 5 new agents (50 total)
[2026-05-06T01:02:06.994Z] Wallet: 0xE2a4A8b9d77080c57799A94BA8eDeb2Dd6e0aC10 | MfT: 2912538 | ETH: 0.001771
[2026-05-06T01:02:06.994Z] Dropping 100 MfT + note to 5 targets...
[2026-05-06T01:02:07.470Z]   FAILED 0xd326272679a0.. : could not coalesce error (error={ "code": -32016, "message": "over rate limit" }
[2026-05-06T01:02:07.521Z] Cycle error: could not coalesce error (error={ "code": -32016, "message": "over rate limit" }, payload={ "id": 16
[2026-05-06T01:31:38.499Z] === Scout + Drop Cycle ===
[2026-05-06T01:31:38.500Z] Running agent scout...
[2026-05-06T01:32:09.832Z] Scout found 5 new agents (55 total)
[2026-05-06T01:32:09.956Z] Cycle error: could not coalesce error (error={ "code": -32016, "message": "over rate limit" }, payload={ "id": 2,
[2026-05-06T02:01:38.507Z] === Scout + Drop Cycle ===
[2026-05-06T02:01:38.508Z] Running agent scout...
[2026-05-06T02:02:32.107Z] Scout found 5 new agents (60 total)
[2026-05-06T02:02:32.231Z] Wallet: 0xE2a4A8b9d77080c57799A94BA8eDeb2Dd6e0aC10 | MfT: 2912438 | ETH: 0.003270
[2026-05-06T02:02:32.231Z] Dropping 100 MfT + note to 11 targets...
[2026-05-06T02:02:37.343Z]   Note skipped for 0xd326272679..
[2026-05-06T02:02:37.344Z]   [1/11] 0xd326272679a0.. [hot] score:35 OK
[2026-05-06T02:02:47.508Z]   [2/11] 0xee03a859ea46.. [warm] score:29 OK
[2026-05-06T02:02:53.180Z]   FAILED 0x5fc40ec107e0.. : nonce has already been used (transaction="0x02f8b18221058221e6830f424083a7d8c082
[2026-05-06T02:02:58.664Z]   [3/11] 0xcc40708d9d6f.. [warm] score:29 OK
[2026-05-06T02:03:09.195Z]   [4/11] 0x66615a3955c4.. [warm] score:29 OK
[2026-05-06T02:03:24.211Z]   [5/11] 0x501ef174b668.. [warm] score:29 OK
[2026-05-06T02:03:35.467Z]   [6/11] 0x15eb4202553d.. [warm] score:29 OK
[2026-05-06T02:03:50.570Z]   [7/11] 0x653dcf7edc6a.. [warm] score:27 OK
[2026-05-06T02:03:57.104Z]   Note skipped for 0x0293ee6923..
[2026-05-06T02:03:57.105Z]   [8/11] 0x0293ee6923b0.. [warm] score:24 OK
[2026-05-06T02:04:10.622Z]   [9/11] 0x0fb3ffef6dd2.. [warm] score:21 OK
[2026-05-06T02:04:23.051Z]   [10/11] 0x73fd53958b39.. [warm] score:21 OK
[2026-05-06T02:04:23.051Z] Drops complete: 10/11 sent, 1000 MfT total
[2026-05-06T02:04:23.051Z] Cycle done. New agents: 5, Drops: 10
[2026-05-06T02:04:23.051Z] Next scan in 30 minutes...
[2026-05-06T02:31:38.511Z] === Scout + Drop Cycle ===
[2026-05-06T02:31:38.512Z] Running agent scout...
[2026-05-06T02:32:10.398Z] Scout found 7 new agents (67 total)
[2026-05-06T02:32:10.514Z] Cycle error: could not coalesce error (error={ "code": -32016, "message": "over rate limit" }, payload={ "id": 2,
[2026-05-06T03:01:38.518Z] === Scout + Drop Cycle ===
[2026-05-06T03:01:38.519Z] Running agent scout...
[2026-05-06T03:03:09.666Z] Scout found 8 new agents (75 total)
[2026-05-06T03:03:09.803Z] Cycle error: could not coalesce error (error={ "code": -32016, "message": "over rate limit" }, payload={ "id": 2,
[2026-05-06T03:31:38.530Z] === Scout + Drop Cycle ===
[2026-05-06T03:31:38.530Z] Running agent scout...
[2026-05-06T03:32:02.521Z] Scout found 0 new agents (75 total)
[2026-05-06T03:32:02.646Z] Wallet: 0xE2a4A8b9d77080c57799A94BA8eDeb2Dd6e0aC10 | MfT: 2911438 | ETH: 0.003256
[2026-05-06T03:32:02.646Z] Dropping 100 MfT + note to 9 targets...
[2026-05-06T03:32:03.531Z]   Note skipped for 0x9dbda84038..
[2026-05-06T03:32:03.531Z]   [1/9] 0x9dbda84038a8.. [hot] score:35 OK
[2026-05-06T03:32:18.421Z]   [2/9] 0x5fc40ec107e0.. [warm] score:29 OK
[2026-05-06T03:32:28.800Z]   [3/9] 0x2604e2f8246d.. [warm] score:25 OK
[2026-05-06T03:32:43.157Z]   [4/9] 0x3675abef47fd.. [warm] score:21 OK
[2026-05-06T03:32:57.718Z]   [5/9] 0x99b7e6cd18b2.. [warm] score:21 OK
[2026-05-06T03:33:12.255Z]   [6/9] 0xcd6b361cd5b2.. [warm] score:21 OK
[2026-05-06T03:33:26.715Z]   [7/9] 0x80e4e3651f45.. [warm] score:21 OK
[2026-05-06T03:33:41.203Z]   [8/9] 0xc9ca3641467c.. [warm] score:20 OK
[2026-05-06T03:33:55.529Z]   [9/9] 0xfb1c505c975e.. [warm] score:20 OK
[2026-05-06T03:33:55.530Z] Drops complete: 9/9 sent, 900 MfT total
[2026-05-06T03:33:55.530Z] Cycle done. New agents: 0, Drops: 9
[2026-05-06T03:33:55.530Z] Next scan in 30 minutes...
[2026-05-06T04:01:38.541Z] === Scout + Drop Cycle ===
[2026-05-06T04:01:38.542Z] Running agent scout...
[2026-05-06T04:01:58.637Z] Scout found 2 new agents (77 total)
[2026-05-06T04:01:58.638Z] No new targets to drop.
[2026-05-06T04:01:58.638Z] Cycle done. New agents: 2, Drops: 0
[2026-05-06T04:01:58.638Z] Next scan in 30 minutes...
[2026-05-06T04:31:38.551Z] === Scout + Drop Cycle ===
[2026-05-06T04:31:38.551Z] Running agent scout...
[2026-05-06T04:31:58.824Z] Scout found 3 new agents (80 total)
[2026-05-06T04:31:58.824Z] No new targets to drop.
[2026-05-06T04:31:58.824Z] Cycle done. New agents: 3, Drops: 0
[2026-05-06T04:31:58.825Z] Next scan in 30 minutes...
[2026-05-06T05:01:38.553Z] === Scout + Drop Cycle ===
[2026-05-06T05:01:38.554Z] Running agent scout...
[2026-05-06T05:02:08.834Z] Scout found 3 new agents (83 total)
[2026-05-06T05:02:08.971Z] Wallet: 0xE2a4A8b9d77080c57799A94BA8eDeb2Dd6e0aC10 | MfT: 2910538 | ETH: 0.003052
[2026-05-06T05:02:08.971Z] Dropping 100 MfT + note to 3 targets...
[2026-05-06T05:02:18.697Z]   [1/3] 0x04b5e74a6886.. [warm] score:27 OK
[2026-05-06T05:02:24.814Z]   Note skipped for 0xd1395d0bb0..
[2026-05-06T05:02:24.815Z]   [2/3] 0xd1395d0bb0fe.. [warm] score:21 OK
[2026-05-06T05:02:35.371Z]   [3/3] 0x9f111112d889.. [warm] score:20 OK
[2026-05-06T05:02:35.371Z] Drops complete: 3/3 sent, 300 MfT total
[2026-05-06T05:02:35.371Z] Cycle done. New agents: 3, Drops: 3
[2026-05-06T05:02:35.371Z] Next scan in 30 minutes...
[2026-05-06T05:31:38.562Z] === Scout + Drop Cycle ===
[2026-05-06T05:31:38.562Z] Running agent scout...
[2026-05-06T05:32:05.856Z] Scout found 3 new agents (86 total)
[2026-05-06T05:32:05.972Z] Wallet: 0xE2a4A8b9d77080c57799A94BA8eDeb2Dd6e0aC10 | MfT: 2910238 | ETH: 0.003050
[2026-05-06T05:32:05.972Z] Dropping 100 MfT + note to 3 targets...
[2026-05-06T05:32:10.924Z]   Note skipped for 0x5dc1f27c47..
[2026-05-06T05:32:10.925Z]   [1/3] 0x5dc1f27c476c.. [warm] score:27 OK
[2026-05-06T05:32:25.415Z]   [2/3] 0xb5664d3e2efd.. [warm] score:24 OK
[2026-05-06T05:32:35.423Z]   Note skipped for 0x01ff0aa24d..
[2026-05-06T05:32:35.424Z]   [3/3] 0x01ff0aa24df1.. [warm] score:21 OK
[2026-05-06T05:32:35.424Z] Drops complete: 3/3 sent, 300 MfT total
[2026-05-06T05:32:35.424Z] Cycle done. New agents: 3, Drops: 3
[2026-05-06T05:32:35.424Z] Next scan in 30 minutes...
[2026-05-06T06:01:38.565Z] === Scout + Drop Cycle ===
[2026-05-06T06:01:38.565Z] Running agent scout...
[2026-05-06T06:02:12.010Z] Scout found 3 new agents (89 total)
[2026-05-06T06:02:12.208Z] Wallet: 0xE2a4A8b9d77080c57799A94BA8eDeb2Dd6e0aC10 | MfT: 2909938 | ETH: 0.003049
[2026-05-06T06:02:12.208Z] Dropping 100 MfT + note to 1 targets...
[2026-05-06T06:02:17.253Z]   [1/1] 0x22e4668ab0c1.. [warm] score:21 OK
[2026-05-06T06:02:17.253Z] Drops complete: 1/1 sent, 100 MfT total
[2026-05-06T06:02:17.253Z] Cycle done. New agents: 3, Drops: 1
[2026-05-06T06:02:17.253Z] Next scan in 30 minutes...
[2026-05-06T06:31:38.574Z] === Scout + Drop Cycle ===
[2026-05-06T06:31:38.574Z] Running agent scout...
[2026-05-06T06:33:38.581Z] Scout error: spawnSync C:\Windows\system32\cmd.exe ETIMEDOUT
[2026-05-06T06:33:38.582Z] No new targets to drop.
[2026-05-06T06:33:38.582Z] Cycle done. New agents: 0, Drops: 0
[2026-05-06T06:33:38.582Z] Next scan in 30 minutes...
[2026-05-06T07:01:38.582Z] === Scout + Drop Cycle ===
[2026-05-06T07:01:38.583Z] Running agent scout...
[2026-05-06T07:03:38.585Z] Scout error: spawnSync C:\Windows\system32\cmd.exe ETIMEDOUT
[2026-05-06T07:03:38.585Z] No new targets to drop.
[2026-05-06T07:03:38.586Z] Cycle done. New agents: 0, Drops: 0
[2026-05-06T07:03:38.586Z] Next scan in 30 minutes...
[2026-05-06T07:31:38.597Z] === Scout + Drop Cycle ===
[2026-05-06T07:31:38.598Z] Running agent scout...
[2026-05-06T07:33:38.611Z] Scout error: spawnSync C:\Windows\system32\cmd.exe ETIMEDOUT
[2026-05-06T07:33:38.612Z] No new targets to drop.
[2026-05-06T07:33:38.612Z] Cycle done. New agents: 0, Drops: 0
[2026-05-06T07:33:38.612Z] Next scan in 30 minutes...
[2026-05-06T08:01:38.611Z] === Scout + Drop Cycle ===
[2026-05-06T08:01:38.611Z] Running agent scout...
[2026-05-06T08:03:06.778Z] Scout found 8 new agents (97 total)
[2026-05-06T08:03:06.915Z] Wallet: 0xE2a4A8b9d77080c57799A94BA8eDeb2Dd6e0aC10 | MfT: 2909838 | ETH: 0.003040
[2026-05-06T08:03:06.915Z] Dropping 100 MfT + note to 8 targets...
[2026-05-06T08:03:13.507Z]   [1/8] 0xa830fe068156.. [hot] score:42 OK
[2026-05-06T08:03:25.086Z]   [2/8] 0xadc5deb235de.. [hot] score:36 OK
[2026-05-06T08:03:37.177Z]   [3/8] 0x8fa3386ec2c1.. [hot] score:30 OK
[2026-05-06T08:03:51.796Z]   [4/8] 0xfdb89351c4de.. [warm] score:29 OK
[2026-05-06T08:04:09.893Z]   [5/8] 0x05854d0c70d2.. [warm] score:29 OK
[2026-05-06T08:04:37.104Z]   [6/8] 0xb656c54c0b77.. [warm] score:29 OK
[2026-05-06T08:04:53.372Z]   [7/8] 0x6c6f30b1a2f8.. [warm] score:21 OK
[2026-05-06T08:05:13.095Z]   Note skipped for 0x66654f709f..
[2026-05-06T08:05:13.096Z]   [8/8] 0x66654f709f09.. [warm] score:21 OK
[2026-05-06T08:05:13.096Z] Drops complete: 8/8 sent, 800 MfT total
[2026-05-06T08:05:13.097Z] Cycle done. New agents: 8, Drops: 8
[2026-05-06T08:05:13.097Z] Next scan in 30 minutes...
[2026-05-06T08:31:38.620Z] === Scout + Drop Cycle ===
[2026-05-06T08:31:38.620Z] Running agent scout...
[2026-05-06T08:33:20.318Z] Scout found 10 new agents (107 total)
[2026-05-06T08:33:20.457Z] Wallet: 0xE2a4A8b9d77080c57799A94BA8eDeb2Dd6e0aC10 | MfT: 2909038 | ETH: 0.003036
[2026-05-06T08:33:20.457Z] Dropping 100 MfT + note to 10 targets...
[2026-05-06T08:33:28.434Z]   Note skipped for 0xc056960648..
[2026-05-06T08:33:28.435Z]   [1/10] 0xc05696064831.. [hot] score:36 OK
[2026-05-06T08:33:52.265Z]   [2/10] 0x00000000d182.. [hot] score:36 OK
[2026-05-06T08:34:03.696Z]   Note skipped for 0xf1dce45e3e..
[2026-05-06T08:34:03.697Z]   [3/10] 0xf1dce45e3efb.. [hot] score:35 OK
[2026-05-06T08:34:27.717Z]   Note skipped for 0x8db84823b8..
[2026-05-06T08:34:27.718Z]   [4/10] 0x8db84823b882.. [warm] score:29 OK
[2026-05-06T08:35:02.348Z]   [5/10] 0xf2d1aff8a41c.. [warm] score:29 OK
[2026-05-06T08:35:19.960Z]   Note skipped for 0x7eec817616..
[2026-05-06T08:35:19.961Z]   [6/10] 0x7eec817616db.. [warm] score:29 OK
[2026-05-06T08:35:42.294Z]   [7/10] 0xff67d7211d48.. [warm] score:24 OK
[2026-05-06T08:35:50.715Z]   Note skipped for 0x1ba85bd1fe..
[2026-05-06T08:35:50.716Z]   [8/10] 0x1ba85bd1feeb.. [warm] score:21 OK
[2026-05-06T08:36:00.688Z]   Note skipped for 0xb2edee1dc1..
[2026-05-06T08:36:00.689Z]   [9/10] 0xb2edee1dc145.. [warm] score:21 OK
[2026-05-06T08:36:10.353Z]   Note skipped for 0x164619b11a..
[2026-05-06T08:36:10.354Z]   [10/10] 0x164619b11af2.. [warm] score:21 OK
[2026-05-06T08:36:10.354Z] Drops complete: 10/10 sent, 1000 MfT total
[2026-05-06T08:36:10.354Z] Cycle done. New agents: 10, Drops: 10
[2026-05-06T08:36:10.354Z] Next scan in 30 minutes...
[2026-05-06T09:01:38.622Z] === Scout + Drop Cycle ===
[2026-05-06T09:01:38.622Z] Running agent scout...
[2026-05-06T09:03:02.478Z] Scout found 11 new agents (118 total)
[2026-05-06T09:03:02.618Z] Wallet: 0xE2a4A8b9d77080c57799A94BA8eDeb2Dd6e0aC10 | MfT: 2908038 | ETH: 0.003032
[2026-05-06T09:03:02.618Z] Dropping 100 MfT + note to 5 targets...
[2026-05-06T09:03:13.052Z]   [1/5] 0x381b7d64303a.. [hot] score:36 OK
[2026-05-06T09:03:23.575Z]   [2/5] 0xfb438f6e125b.. [warm] score:29 OK
[2026-05-06T09:03:38.378Z]   [3/5] 0x0a7385d81b0a.. [warm] score:27 OK
[2026-05-06T09:03:49.897Z]   [4/5] 0x67427c174c3e.. [warm] score:21 OK
[2026-05-06T09:03:57.275Z]   Note skipped for 0xffa5c2967d..
[2026-05-06T09:03:57.276Z]   [5/5] 0xffa5c2967dde.. [warm] score:21 OK
[2026-05-06T09:03:57.276Z] Drops complete: 5/5 sent, 500 MfT total
[2026-05-06T09:03:57.276Z] Cycle done. New agents: 11, Drops: 5
[2026-05-06T09:03:57.276Z] Next scan in 30 minutes...
[2026-05-06T09:31:38.625Z] === Scout + Drop Cycle ===
[2026-05-06T09:31:38.626Z] Running agent scout...
[2026-05-06T09:33:38.641Z] Scout error: spawnSync C:\Windows\system32\cmd.exe ETIMEDOUT
[2026-05-06T09:33:38.642Z] No new targets to drop.
[2026-05-06T09:33:38.642Z] Cycle done. New agents: 0, Drops: 0
[2026-05-06T09:33:38.642Z] Next scan in 30 minutes...
[2026-05-06T10:01:38.632Z] === Scout + Drop Cycle ===
[2026-05-06T10:01:38.633Z] Running agent scout...
[2026-05-06T10:02:51.331Z] Scout found 4 new agents (122 total)
[2026-05-06T10:02:51.543Z] Wallet: 0xE2a4A8b9d77080c57799A94BA8eDeb2Dd6e0aC10 | MfT: 2907538 | ETH: 0.003020
[2026-05-06T10:02:51.543Z] Dropping 100 MfT + note to 4 targets...
[2026-05-06T10:03:05.502Z]   [1/4] 0xa9a1d2cc4d41.. [hot] score:42 OK
[2026-05-06T10:03:21.026Z]   [2/4] 0xfee33b107542.. [hot] score:36 OK
[2026-05-06T10:03:29.087Z]   Note skipped for 0x0fdb6712c1..
[2026-05-06T10:03:29.088Z]   [3/4] 0x0fdb6712c18c.. [warm] score:24 OK
[2026-05-06T10:03:37.542Z]   Note skipped for 0xfbe023a7d4..
[2026-05-06T10:03:37.543Z]   [4/4] 0xfbe023a7d438.. [warm] score:21 OK
[2026-05-06T10:03:37.543Z] Drops complete: 4/4 sent, 400 MfT total
[2026-05-06T10:03:37.543Z] Cycle done. New agents: 4, Drops: 4
[2026-05-06T10:03:37.543Z] Next scan in 30 minutes...
[2026-05-06T10:31:38.635Z] === Scout + Drop Cycle ===
[2026-05-06T10:31:38.636Z] Running agent scout...
[2026-05-06T10:33:38.645Z] Scout error: spawnSync C:\Windows\system32\cmd.exe ETIMEDOUT
[2026-05-06T10:33:38.646Z] No new targets to drop.
[2026-05-06T10:33:38.646Z] Cycle done. New agents: 0, Drops: 0
[2026-05-06T10:33:38.646Z] Next scan in 30 minutes...
[2026-05-06T11:01:38.651Z] === Scout + Drop Cycle ===
[2026-05-06T11:01:38.652Z] Running agent scout...
[2026-05-06T11:03:38.657Z] Scout error: spawnSync C:\Windows\system32\cmd.exe ETIMEDOUT
[2026-05-06T11:03:38.658Z] No new targets to drop.
[2026-05-06T11:03:38.658Z] Cycle done. New agents: 0, Drops: 0
[2026-05-06T11:03:38.659Z] Next scan in 30 minutes...
[2026-05-06T11:31:38.653Z] === Scout + Drop Cycle ===
[2026-05-06T11:31:38.654Z] Running agent scout...
[2026-05-06T11:33:38.666Z] Scout error: spawnSync C:\Windows\system32\cmd.exe ETIMEDOUT
[2026-05-06T11:33:38.666Z] No new targets to drop.
[2026-05-06T11:33:38.667Z] Cycle done. New agents: 0, Drops: 0
[2026-05-06T11:33:38.667Z] Next scan in 30 minutes...
[2026-05-06T12:01:38.666Z] === Scout + Drop Cycle ===
[2026-05-06T12:01:38.667Z] Running agent scout...
[2026-05-06T12:03:38.672Z] Scout error: spawnSync C:\Windows\system32\cmd.exe ETIMEDOUT
[2026-05-06T12:03:38.673Z] No new targets to drop.
[2026-05-06T12:03:38.673Z] Cycle done. New agents: 0, Drops: 0
[2026-05-06T12:03:38.673Z] Next scan in 30 minutes...
[2026-05-06T12:31:38.678Z] === Scout + Drop Cycle ===
[2026-05-06T12:31:38.679Z] Running agent scout...
[2026-05-06T12:32:10.702Z] Scout found 6 new agents (128 total)
[2026-05-06T12:32:10.837Z] Cycle error: could not coalesce error (error={ "code": -32016, "message": "over rate limit" }, payload={ "id": 2,
[2026-05-06T13:01:38.678Z] === Scout + Drop Cycle ===
[2026-05-06T13:01:38.679Z] Running agent scout...
[2026-05-06T13:03:38.681Z] Scout error: spawnSync C:\Windows\system32\cmd.exe ETIMEDOUT
[2026-05-06T13:03:38.890Z] Wallet: 0xE2a4A8b9d77080c57799A94BA8eDeb2Dd6e0aC10 | MfT: 2907138 | ETH: 0.002756
[2026-05-06T13:03:38.890Z] Dropping 100 MfT + note to 12 targets...
[2026-05-06T13:03:41.099Z]   Note skipped for 0xe96b3198ed..
[2026-05-06T13:03:41.101Z]   [1/12] 0xe96b3198ed56.. [hot] score:38 OK
[2026-05-06T13:04:00.182Z]   [2/12] 0x537948624d4e.. [hot] score:36 OK
[2026-05-06T13:04:08.964Z]   Note skipped for 0x38e3221362..
[2026-05-06T13:04:08.966Z]   [3/12] 0x38e32213621f.. [hot] score:36 OK
[2026-05-06T13:04:25.991Z]   [4/12] 0xaf97d8537518.. [hot] score:35 OK
[2026-05-06T13:04:42.566Z]   [5/12] 0xccb34ab224c2.. [warm] score:27 OK
[2026-05-06T13:04:54.518Z]   [6/12] 0x6b63ebbf36a7.. [warm] score:27 OK
[2026-05-06T13:05:10.993Z]   [7/12] 0x6730e707dcf9.. [warm] score:21 OK
[2026-05-06T13:05:20.323Z]   [8/12] 0x9d4c1c9e1f85.. [warm] score:21 OK
[2026-05-06T13:05:39.880Z]   [9/12] 0x55c87f0ddb52.. [warm] score:21 OK
[2026-05-06T13:05:49.923Z]   Note skipped for 0x7afdca735f..
[2026-05-06T13:05:49.923Z]   [10/12] 0x7afdca735fc5.. [warm] score:21 OK
[2026-05-06T13:06:05.373Z]   [11/12] 0x44c5097c199d.. [warm] score:21 OK
[2026-05-06T13:06:20.408Z]   [12/12] 0xbcc4521e1c9d.. [warm] score:21 OK
[2026-05-06T13:06:20.408Z] Drops complete: 12/12 sent, 1200 MfT total
[2026-05-06T13:06:20.408Z] Cycle done. New agents: 0, Drops: 12
[2026-05-06T13:06:20.409Z] Next scan in 30 minutes...
[2026-05-06T13:31:38.684Z] === Scout + Drop Cycle ===
[2026-05-06T13:31:38.684Z] Running agent scout...
[2026-05-06T13:32:52.981Z] Scout found 6 new agents (144 total)
[2026-05-06T13:32:53.114Z] Wallet: 0xE2a4A8b9d77080c57799A94BA8eDeb2Dd6e0aC10 | MfT: 2905938 | ETH: 0.002751
[2026-05-06T13:32:53.114Z] Dropping 100 MfT + note to 6 targets...
[2026-05-06T13:32:58.308Z]   Note skipped for 0x50259df4e9..
[2026-05-06T13:32:58.309Z]   [1/6] 0x50259df4e9ea.. [hot] score:46 OK
[2026-05-06T13:33:13.271Z]   [2/6] 0x8a2aa5dfa43a.. [hot] score:42 OK
[2026-05-06T13:33:26.600Z]   [3/6] 0xd8fed2b1a5f6.. [hot] score:36 OK
[2026-05-06T13:33:45.030Z]   [4/6] 0x68a3efed450a.. [hot] score:36 OK
[2026-05-06T13:33:58.448Z]   [5/6] 0x6e95b9365dd3.. [hot] score:36 OK
[2026-05-06T13:34:09.538Z]   [6/6] 0x2a634d10d1bf.. [warm] score:24 OK
[2026-05-06T13:34:09.538Z] Drops complete: 6/6 sent, 600 MfT total
[2026-05-06T13:34:09.538Z] Cycle done. New agents: 6, Drops: 6
[2026-05-06T13:34:09.538Z] Next scan in 30 minutes...
[2026-05-06T14:01:38.700Z] === Scout + Drop Cycle ===
[2026-05-06T14:01:38.700Z] Running agent scout...
[2026-05-06T14:02:37.862Z] Scout found 7 new agents (151 total)
[2026-05-06T14:02:38.051Z] Wallet: 0xE2a4A8b9d77080c57799A94BA8eDeb2Dd6e0aC10 | MfT: 2905338 | ETH: 0.002747
[2026-05-06T14:02:38.051Z] Dropping 100 MfT + note to 7 targets...
[2026-05-06T14:02:40.779Z]   Note skipped for 0x6acca3f0fe..
[2026-05-06T14:02:40.780Z]   [1/7] 0x6acca3f0fe30.. [hot] score:36 OK
[2026-05-06T14:02:48.188Z]   Note skipped for 0x2b9d61897e..
[2026-05-06T14:02:48.189Z]   [2/7] 0x2b9d61897ed2.. [warm] score:27 OK
[2026-05-06T14:02:56.286Z]   Note skipped for 0x49d15678a1..
[2026-05-06T14:02:56.287Z]   [3/7] 0x49d15678a1ea.. [warm] score:21 OK
[2026-05-06T14:03:09.182Z]   [4/7] 0xce07c04fa7ab.. [warm] score:21 OK
[2026-05-06T14:03:23.363Z]   [5/7] 0xb7a491d83812.. [warm] score:21 OK
[2026-05-06T14:03:32.698Z]   Note skipped for 0x7a78f8d539..
[2026-05-06T14:03:32.698Z]   [6/7] 0x7a78f8d5394f.. [warm] score:21 OK
[2026-05-06T14:03:39.820Z]   Note skipped for 0xd137b99f7b..
[2026-05-06T14:03:39.821Z]   [7/7] 0xd137b99f7bda.. [warm] score:20 OK
[2026-05-06T14:03:39.821Z] Drops complete: 7/7 sent, 700 MfT total
[2026-05-06T14:03:39.821Z] Cycle done. New agents: 7, Drops: 7
[2026-05-06T14:03:39.822Z] Next scan in 30 minutes...
[2026-05-06T14:31:38.710Z] === Scout + Drop Cycle ===
[2026-05-06T14:31:38.710Z] Running agent scout...
[2026-05-06T14:33:38.725Z] Scout error: spawnSync C:\Windows\system32\cmd.exe ETIMEDOUT
[2026-05-06T14:33:38.726Z] No new targets to drop.
[2026-05-06T14:33:38.726Z] Cycle done. New agents: 0, Drops: 0
[2026-05-06T14:33:38.726Z] Next scan in 30 minutes...
[2026-05-06T15:01:38.718Z] === Scout + Drop Cycle ===
[2026-05-06T15:01:38.719Z] Running agent scout...
[2026-05-06T15:03:38.731Z] Scout error: spawnSync C:\Windows\system32\cmd.exe ETIMEDOUT
[2026-05-06T15:03:38.732Z] No new targets to drop.
[2026-05-06T15:03:38.732Z] Cycle done. New agents: 0, Drops: 0
[2026-05-06T15:03:38.732Z] Next scan in 30 minutes...
[2026-05-06T15:31:38.732Z] === Scout + Drop Cycle ===
[2026-05-06T15:31:38.732Z] Running agent scout...
[2026-05-06T15:33:38.736Z] Scout error: spawnSync C:\Windows\system32\cmd.exe ETIMEDOUT
[2026-05-06T15:33:38.737Z] No new targets to drop.
[2026-05-06T15:33:38.737Z] Cycle done. New agents: 0, Drops: 0
[2026-05-06T15:33:38.737Z] Next scan in 30 minutes...
[2026-05-06T16:01:38.734Z] === Scout + Drop Cycle ===
[2026-05-06T16:01:38.734Z] Running agent scout...
[2026-05-06T16:03:38.743Z] Scout error: spawnSync C:\Windows\system32\cmd.exe ETIMEDOUT
[2026-05-06T16:03:38.744Z] No new targets to drop.
[2026-05-06T16:03:38.744Z] Cycle done. New agents: 0, Drops: 0
[2026-05-06T16:03:38.744Z] Next scan in 30 minutes...
[2026-05-06T16:31:38.736Z] === Scout + Drop Cycle ===
[2026-05-06T16:31:38.736Z] Running agent scout...
[2026-05-06T16:32:40.089Z] Scout found 4 new agents (155 total)
[2026-05-06T16:32:40.197Z] Cycle error: could not coalesce error (error={ "code": -32016, "message": "over rate limit" }, payload={ "id": 2,
[2026-05-06T17:01:38.747Z] === Scout + Drop Cycle ===
[2026-05-06T17:01:38.747Z] Running agent scout...
[2026-05-06T17:03:38.755Z] Scout error: spawnSync C:\Windows\system32\cmd.exe ETIMEDOUT
[2026-05-06T17:03:38.876Z] Wallet: 0xE2a4A8b9d77080c57799A94BA8eDeb2Dd6e0aC10 | MfT: 2904638 | ETH: 0.002526
[2026-05-06T17:03:38.876Z] Dropping 100 MfT + note to 2 targets...
[2026-05-06T17:03:48.082Z]   [1/2] 0x8b9e15850d36.. [warm] score:21 OK
[2026-05-06T17:04:02.002Z]   [2/2] 0xa91723244917.. [warm] score:21 OK
[2026-05-06T17:04:02.002Z] Drops complete: 2/2 sent, 200 MfT total
[2026-05-06T17:04:02.002Z] Cycle done. New agents: 0, Drops: 2
[2026-05-06T17:04:02.002Z] Next scan in 30 minutes...
[2026-05-06T17:31:38.755Z] === Scout + Drop Cycle ===
[2026-05-06T17:31:38.755Z] Running agent scout...
[2026-05-06T17:33:38.761Z] Scout error: spawnSync C:\Windows\system32\cmd.exe ETIMEDOUT
[2026-05-06T17:33:38.762Z] No new targets to drop.
[2026-05-06T17:33:38.762Z] Cycle done. New agents: 0, Drops: 0
[2026-05-06T17:33:38.762Z] Next scan in 30 minutes...
[2026-05-06T18:01:38.761Z] === Scout + Drop Cycle ===
[2026-05-06T18:01:38.761Z] Running agent scout...
[2026-05-06T18:03:38.769Z] Scout error: spawnSync C:\Windows\system32\cmd.exe ETIMEDOUT
[2026-05-06T18:03:38.769Z] No new targets to drop.
[2026-05-06T18:03:38.770Z] Cycle done. New agents: 0, Drops: 0
[2026-05-06T18:03:38.770Z] Next scan in 30 minutes...
[2026-05-06T18:31:38.763Z] === Scout + Drop Cycle ===
[2026-05-06T18:31:38.764Z] Running agent scout...
[2026-05-06T18:33:38.776Z] Scout error: spawnSync C:\Windows\system32\cmd.exe ETIMEDOUT
[2026-05-06T18:33:38.777Z] No new targets to drop.
[2026-05-06T18:33:38.778Z] Cycle done. New agents: 0, Drops: 0
[2026-05-06T18:33:38.778Z] Next scan in 30 minutes...
[2026-05-06T19:01:38.767Z] === Scout + Drop Cycle ===
[2026-05-06T19:01:38.768Z] Running agent scout...
[2026-05-06T19:03:38.774Z] Scout error: spawnSync C:\Windows\system32\cmd.exe ETIMEDOUT
[2026-05-06T19:03:38.775Z] No new targets to drop.
[2026-05-06T19:03:38.775Z] Cycle done. New agents: 0, Drops: 0
[2026-05-06T19:03:38.776Z] Next scan in 30 minutes...
[2026-05-06T19:31:38.770Z] === Scout + Drop Cycle ===
[2026-05-06T19:31:38.771Z] Running agent scout...
[2026-05-06T19:33:38.780Z] Scout error: spawnSync C:\Windows\system32\cmd.exe ETIMEDOUT
[2026-05-06T19:33:38.781Z] No new targets to drop.
[2026-05-06T19:33:38.781Z] Cycle done. New agents: 0, Drops: 0
[2026-05-06T19:33:38.782Z] Next scan in 30 minutes...
[2026-05-06T20:01:38.769Z] === Scout + Drop Cycle ===
[2026-05-06T20:01:38.770Z] Running agent scout...
[2026-05-06T20:03:38.783Z] Scout error: spawnSync C:\Windows\system32\cmd.exe ETIMEDOUT
[2026-05-06T20:03:38.784Z] No new targets to drop.
[2026-05-06T20:03:38.784Z] Cycle done. New agents: 0, Drops: 0
[2026-05-06T20:03:38.784Z] Next scan in 30 minutes...
[2026-05-06T20:31:38.775Z] === Scout + Drop Cycle ===
[2026-05-06T20:31:38.775Z] Running agent scout...
[2026-05-06T20:32:17.362Z] Scout found 1 new agents (156 total)
[2026-05-06T20:32:17.485Z] Wallet: 0xE2a4A8b9d77080c57799A94BA8eDeb2Dd6e0aC10 | MfT: 2904438 | ETH: 0.002327
[2026-05-06T20:32:17.486Z] Dropping 100 MfT + note to 1 targets...
[2026-05-06T20:32:27.177Z]   [1/1] 0x256efafed786.. [warm] score:29 OK
[2026-05-06T20:32:27.178Z] Drops complete: 1/1 sent, 100 MfT total
[2026-05-06T20:32:27.178Z] Cycle done. New agents: 1, Drops: 1
[2026-05-06T20:32:27.178Z] Next scan in 30 minutes...
[2026-05-06T21:01:38.782Z] === Scout + Drop Cycle ===
[2026-05-06T21:01:38.783Z] Running agent scout...
[2026-05-06T21:03:38.791Z] Scout error: spawnSync C:\Windows\system32\cmd.exe ETIMEDOUT
[2026-05-06T21:03:38.792Z] No new targets to drop.
[2026-05-06T21:03:38.792Z] Cycle done. New agents: 0, Drops: 0
[2026-05-06T21:03:38.792Z] Next scan in 30 minutes...
[2026-05-06T21:31:38.794Z] === Scout + Drop Cycle ===
[2026-05-06T21:31:38.795Z] Running agent scout...
[2026-05-06T21:33:38.807Z] Scout error: spawnSync C:\Windows\system32\cmd.exe ETIMEDOUT
[2026-05-06T21:33:38.808Z] No new targets to drop.
[2026-05-06T21:33:38.808Z] Cycle done. New agents: 0, Drops: 0
[2026-05-06T21:33:38.808Z] Next scan in 30 minutes...
[2026-05-06T22:01:35.909Z] === Scout + Drop Cycle ===
[2026-05-06T22:01:35.909Z] Running agent scout...
[2026-05-06T22:03:35.915Z] Scout error: spawnSync C:\Windows\system32\cmd.exe ETIMEDOUT
[2026-05-06T22:03:35.917Z] No new targets to drop.
[2026-05-06T22:03:35.917Z] Cycle done. New agents: 0, Drops: 0
[2026-05-06T22:03:35.917Z] Next scan in 30 minutes...
[2026-05-06T22:31:35.914Z] === Scout + Drop Cycle ===
[2026-05-06T22:31:35.915Z] Running agent scout...
[2026-05-06T22:32:50.195Z] Scout found 3 new agents (170 total)
[2026-05-06T22:32:50.351Z] Wallet: 0xE2a4A8b9d77080c57799A94BA8eDeb2Dd6e0aC10 | MfT: 2904338 | ETH: 0.002319
[2026-05-06T22:32:50.351Z] Dropping 100 MfT + note to 14 targets...
[2026-05-06T22:32:51.770Z]   Note skipped for 0xe4e4d838b0..
[2026-05-06T22:32:51.771Z]   [1/14] 0xe4e4d838b046.. [hot] score:47 OK
[2026-05-06T22:33:10.075Z]   [2/14] 0xc8709b938476.. [hot] score:41 OK
[2026-05-06T22:33:24.690Z]   [3/14] 0x2a7b7b953ee6.. [hot] score:35 OK
[2026-05-06T22:33:39.173Z]   [4/14] 0x6fc4ede22f2c.. [warm] score:29 OK
[2026-05-06T22:33:53.757Z]   [5/14] 0x65f6bb2c18e2.. [warm] score:27 OK
[2026-05-06T22:34:08.169Z]   [6/14] 0x4140356e661b.. [warm] score:27 OK
[2026-05-06T22:34:22.736Z]   [7/14] 0x33f65908bb29.. [warm] score:27 OK
[2026-05-06T22:34:37.113Z]   [8/14] 0xc0ffee445a22.. [warm] score:27 OK
[2026-05-06T22:34:51.498Z]   [9/14] 0x1b0e112eaf3b.. [warm] score:26 OK
[2026-05-06T22:35:02.331Z]   [10/14] 0xb5d41d7fa726.. [warm] score:24 OK
[2026-05-06T22:35:15.467Z]   [11/14] 0x4b5c33c3c7a3.. [warm] score:24 OK
[2026-05-06T22:35:30.797Z]   [12/14] 0x88435ae679fd.. [warm] score:21 OK
[2026-05-06T22:35:45.308Z]   [13/14] 0xa0f861e889fb.. [warm] score:21 OK
[2026-05-06T22:36:00.060Z]   [14/14] 0x8a9dde87eb1f.. [warm] score:21 OK
[2026-05-06T22:36:00.060Z] Drops complete: 14/14 sent, 1400 MfT total
[2026-05-06T22:36:00.060Z] Cycle done. New agents: 3, Drops: 14
[2026-05-06T22:36:00.060Z] Next scan in 30 minutes...
[2026-05-06T23:01:35.918Z] === Scout + Drop Cycle ===
[2026-05-06T23:01:35.919Z] Running agent scout...
[2026-05-06T23:02:49.612Z] Scout found 3 new agents (173 total)
[2026-05-06T23:02:49.739Z] Wallet: 0xE2a4A8b9d77080c57799A94BA8eDeb2Dd6e0aC10 | MfT: 2902938 | ETH: 0.002312
[2026-05-06T23:02:49.739Z] Dropping 100 MfT + note to 3 targets...
[2026-05-06T23:03:04.968Z]   [1/3] 0xff9cc57be71a.. [hot] score:36 OK
[2026-05-06T23:03:19.557Z]   [2/3] 0x2ac57ae4ac5d.. [warm] score:29 OK
[2026-05-06T23:03:34.953Z]   [3/3] 0x4627ff7b707e.. [warm] score:29 OK
[2026-05-06T23:03:34.953Z] Drops complete: 3/3 sent, 300 MfT total
[2026-05-06T23:03:34.954Z] Cycle done. New agents: 3, Drops: 3
[2026-05-06T23:03:34.954Z] Next scan in 30 minutes...
[2026-05-06T23:31:35.930Z] === Scout + Drop Cycle ===
[2026-05-06T23:31:35.930Z] Running agent scout...
[2026-05-06T23:31:56.431Z] Scout found 4 new agents (177 total)
[2026-05-06T23:31:56.540Z] Cycle error: could not coalesce error (error={ "code": -32016, "message": "over rate limit" }, payload={ "id": 2,
[2026-05-07T00:01:35.933Z] === Scout + Drop Cycle ===
[2026-05-07T00:01:35.934Z] Running agent scout...
[2026-05-07T00:01:57.619Z] Scout found 1 new agents (178 total)
[2026-05-07T00:01:57.722Z] Cycle error: could not coalesce error (error={ "code": -32016, "message": "over rate limit" }, payload={ "id": 2,
[2026-05-07T00:31:35.936Z] === Scout + Drop Cycle ===
[2026-05-07T00:31:35.936Z] Running agent scout...
[2026-05-07T00:31:56.675Z] Scout found 2 new agents (180 total)
[2026-05-07T00:31:56.803Z] Cycle error: could not coalesce error (error={ "code": -32016, "message": "over rate limit" }, payload={ "id": 2,
[2026-05-07T01:01:35.948Z] === Scout + Drop Cycle ===
[2026-05-07T01:01:35.949Z] Running agent scout...
[2026-05-07T01:02:09.072Z] Scout found 1 new agents (181 total)
[2026-05-07T01:02:09.207Z] Cycle error: could not coalesce error (error={ "code": -32016, "message": "over rate limit" }, payload={ "id": 2,
[2026-05-07T01:31:35.957Z] === Scout + Drop Cycle ===
[2026-05-07T01:31:35.958Z] Running agent scout...
[2026-05-07T01:33:35.973Z] Scout error: spawnSync C:\Windows\system32\cmd.exe ETIMEDOUT
[2026-05-07T01:33:36.727Z] Wallet: 0xE2a4A8b9d77080c57799A94BA8eDeb2Dd6e0aC10 | MfT: 2902638 | ETH: 0.002098
[2026-05-07T01:33:36.728Z] Dropping 100 MfT + note to 1 targets...
[2026-05-07T01:33:45.882Z]   [1/1] 0xa7c679c1f98f.. [warm] score:20 OK
[2026-05-07T01:33:45.882Z] Drops complete: 1/1 sent, 100 MfT total
[2026-05-07T01:33:45.882Z] Cycle done. New agents: 0, Drops: 1
[2026-05-07T01:33:45.882Z] Next scan in 30 minutes...
[2026-05-07T02:01:35.969Z] === Scout + Drop Cycle ===
[2026-05-07T02:01:35.970Z] Running agent scout...
[2026-05-07T02:03:35.976Z] Scout error: spawnSync C:\Windows\system32\cmd.exe ETIMEDOUT
[2026-05-07T02:03:35.977Z] No new targets to drop.
[2026-05-07T02:03:35.977Z] Cycle done. New agents: 0, Drops: 0
[2026-05-07T02:03:35.978Z] Next scan in 30 minutes...
[2026-05-07T02:31:35.981Z] === Scout + Drop Cycle ===
[2026-05-07T02:31:35.981Z] Running agent scout...
[2026-05-07T02:32:06.089Z] Scout found 1 new agents (182 total)
[2026-05-07T02:32:06.090Z] No new targets to drop.
[2026-05-07T02:32:06.090Z] Cycle done. New agents: 1, Drops: 0
[2026-05-07T02:32:06.091Z] Next scan in 30 minutes...
[2026-05-07T03:01:35.991Z] === Scout + Drop Cycle ===
[2026-05-07T03:01:35.991Z] Running agent scout...
[2026-05-07T03:02:04.223Z] Scout found 3 new agents (185 total)
[2026-05-07T03:02:04.402Z] Wallet: 0xE2a4A8b9d77080c57799A94BA8eDeb2Dd6e0aC10 | MfT: 2902538 | ETH: 0.002032
[2026-05-07T03:02:04.402Z] Dropping 100 MfT + note to 3 targets...
[2026-05-07T03:02:14.108Z]   [1/3] 0x445b17992590.. [warm] score:24 OK
[2026-05-07T03:02:24.504Z]   [2/3] 0xca067ac394e8.. [warm] score:21 OK
[2026-05-07T03:02:38.936Z]   [3/3] 0x9384c484903c.. [warm] score:19 OK
[2026-05-07T03:02:38.936Z] Drops complete: 3/3 sent, 300 MfT total
[2026-05-07T03:02:38.937Z] Cycle done. New agents: 3, Drops: 3
[2026-05-07T03:02:38.937Z] Next scan in 30 minutes...
[2026-05-07T03:31:35.994Z] === Scout + Drop Cycle ===
[2026-05-07T03:31:35.995Z] Running agent scout...
[2026-05-07T03:31:57.060Z] Scout found 0 new agents (185 total)
[2026-05-07T03:31:57.060Z] No new targets to drop.
[2026-05-07T03:31:57.061Z] Cycle done. New agents: 0, Drops: 0
[2026-05-07T03:31:57.061Z] Next scan in 30 minutes...
[2026-05-07T04:01:36.010Z] === Scout + Drop Cycle ===
[2026-05-07T04:01:36.010Z] Running agent scout...
[2026-05-07T04:02:05.807Z] Scout found 1 new agents (186 total)
[2026-05-07T04:02:05.958Z] Wallet: 0xE2a4A8b9d77080c57799A94BA8eDeb2Dd6e0aC10 | MfT: 2902238 | ETH: 0.001963
[2026-05-07T04:02:05.959Z] Dropping 100 MfT + note to 1 targets...
[2026-05-07T04:02:15.960Z]   [1/1] 0x923c188814cb.. [warm] score:27 OK
[2026-05-07T04:02:15.960Z] Drops complete: 1/1 sent, 100 MfT total
[2026-05-07T04:02:15.960Z] Cycle done. New agents: 1, Drops: 1
[2026-05-07T04:02:15.960Z] Next scan in 30 minutes...
[2026-05-07T04:31:36.014Z] === Scout + Drop Cycle ===
[2026-05-07T04:31:36.015Z] Running agent scout...
[2026-05-07T04:32:35.253Z] Scout found 3 new agents (189 total)
[2026-05-07T04:32:35.912Z] Wallet: 0xE2a4A8b9d77080c57799A94BA8eDeb2Dd6e0aC10 | MfT: 2902138 | ETH: 0.001744
[2026-05-07T04:32:35.912Z] Dropping 100 MfT + note to 3 targets...
[2026-05-07T04:32:45.463Z]   [1/3] 0xca745cc9f4dd.. [warm] score:29 OK
[2026-05-07T04:33:01.049Z]   [2/3] 0x93b996f91e60.. [warm] score:29 OK
[2026-05-07T04:33:08.794Z]   Note skipped for 0x000000c557..
[2026-05-07T04:33:08.795Z]   [3/3] 0x000000c557fa.. [warm] score:21 OK
[2026-05-07T04:33:08.795Z] Drops complete: 3/3 sent, 300 MfT total
[2026-05-07T04:33:08.795Z] Cycle done. New agents: 3, Drops: 3
[2026-05-07T04:33:08.796Z] Next scan in 30 minutes...
[2026-05-07T05:01:36.021Z] === Scout + Drop Cycle ===
[2026-05-07T05:01:36.021Z] Running agent scout...
[2026-05-07T05:01:56.986Z] Scout found 2 new agents (191 total)
[2026-05-07T05:01:57.110Z] Cycle error: could not coalesce error (error={ "code": -32016, "message": "over rate limit" }, payload={ "id": 2,
[2026-05-07T05:31:36.028Z] === Scout + Drop Cycle ===
[2026-05-07T05:31:36.029Z] Running agent scout...
[2026-05-07T05:32:05.368Z] Scout found 3 new agents (194 total)
[2026-05-07T05:32:05.492Z] Wallet: 0xE2a4A8b9d77080c57799A94BA8eDeb2Dd6e0aC10 | MfT: 2901838 | ETH: 0.001695
[2026-05-07T05:32:05.492Z] Dropping 100 MfT + note to 4 targets...
[2026-05-07T05:32:15.017Z]   [1/4] 0xda85090a7ca9.. [warm] score:21 OK
[2026-05-07T05:32:29.346Z]   [2/4] 0x57856a7e64c1.. [warm] score:21 OK
[2026-05-07T05:32:35.435Z]   Note skipped for 0xf6860bb395..
[2026-05-07T05:32:35.436Z]   [3/4] 0xf6860bb3956a.. [warm] score:21 OK
[2026-05-07T05:32:41.799Z]   Note skipped for 0x123f4df365..
[2026-05-07T05:32:41.800Z]   [4/4] 0x123f4df36589.. [warm] score:21 OK
[2026-05-07T05:32:41.800Z] Drops complete: 4/4 sent, 400 MfT total
[2026-05-07T05:32:41.801Z] Cycle done. New agents: 3, Drops: 4
[2026-05-07T05:32:41.801Z] Next scan in 30 minutes...
[2026-05-07T06:01:36.032Z] === Scout + Drop Cycle ===
[2026-05-07T06:01:36.033Z] Running agent scout...
[2026-05-07T06:01:57.594Z] Scout found 4 new agents (198 total)
[2026-05-07T06:01:57.595Z] No new targets to drop.
[2026-05-07T06:01:57.595Z] Cycle done. New agents: 4, Drops: 0
[2026-05-07T06:01:57.595Z] Next scan in 30 minutes...
[2026-05-07T06:31:36.043Z] === Scout + Drop Cycle ===
[2026-05-07T06:31:36.044Z] Running agent scout...
[2026-05-07T06:32:07.620Z] Scout found 4 new agents (202 total)
[2026-05-07T06:32:07.621Z] No new targets to drop.
[2026-05-07T06:32:07.621Z] Cycle done. New agents: 4, Drops: 0
[2026-05-07T06:32:07.621Z] Next scan in 30 minutes...
[2026-05-07T07:01:36.055Z] === Scout + Drop Cycle ===
[2026-05-07T07:01:36.055Z] Running agent scout...
[2026-05-07T07:01:57.299Z] Scout found 1 new agents (203 total)
[2026-05-07T07:01:57.300Z] No new targets to drop.
[2026-05-07T07:01:57.300Z] Cycle done. New agents: 1, Drops: 0
[2026-05-07T07:01:57.301Z] Next scan in 30 minutes...
[2026-05-07T07:31:36.066Z] === Scout + Drop Cycle ===
[2026-05-07T07:31:36.067Z] Running agent scout...
[2026-05-07T07:32:06.527Z] Scout found 2 new agents (205 total)
[2026-05-07T07:32:06.651Z] Wallet: 0xE2a4A8b9d77080c57799A94BA8eDeb2Dd6e0aC10 | MfT: 2901438 | ETH: 0.001633
[2026-05-07T07:32:06.651Z] Dropping 100 MfT + note to 2 targets...
[2026-05-07T07:32:16.094Z]   [1/2] 0x26e061c314c6.. [hot] score:38 OK
[2026-05-07T07:32:30.640Z]   [2/2] 0x39d38b422055.. [warm] score:29 OK
[2026-05-07T07:32:30.641Z] Drops complete: 2/2 sent, 200 MfT total
[2026-05-07T07:32:30.641Z] Cycle done. New agents: 2, Drops: 2
[2026-05-07T07:32:30.641Z] Next scan in 30 minutes...
[2026-05-07T08:01:36.069Z] === Scout + Drop Cycle ===
[2026-05-07T08:01:36.070Z] Running agent scout...
[2026-05-07T08:02:23.043Z] Scout found 3 new agents (208 total)
[2026-05-07T08:02:23.161Z] Wallet: 0xE2a4A8b9d77080c57799A94BA8eDeb2Dd6e0aC10 | MfT: 2901238 | ETH: 0.001604
[2026-05-07T08:02:23.161Z] Dropping 100 MfT + note to 3 targets...
[2026-05-07T08:02:23.577Z]   FAILED 0x9b251e6ba457.. : replacement fee too low (transaction="0x02f8b1822105822473830f424083a7d8c082e92b
[2026-05-07T08:02:24.001Z]   FAILED 0x66668bf6ee64.. : replacement fee too low (transaction="0x02f8b1822105822473830f424083a7d8c082e92b
[2026-05-07T08:02:24.398Z]   FAILED 0x66610b38fed8.. : nonce has already been used (transaction="0x02f8b1822105822473830f424083a7d8c082
[2026-05-07T08:02:24.399Z] Drops complete: 0/3 sent, 0 MfT total
[2026-05-07T08:02:24.399Z] Cycle done. New agents: 3, Drops: 0
[2026-05-07T08:02:24.399Z] Next scan in 30 minutes...
[2026-05-07T08:31:36.077Z] === Scout + Drop Cycle ===
[2026-05-07T08:31:36.078Z] Running agent scout...
[2026-05-07T08:31:57.431Z] Scout found 5 new agents (213 total)
[2026-05-07T08:31:57.581Z] Cycle error: could not coalesce error (error={ "code": -32016, "message": "over rate limit" }, payload={ "id": 2,
[2026-05-07T09:01:36.090Z] === Scout + Drop Cycle ===
[2026-05-07T09:01:36.091Z] Running agent scout...
[2026-05-07T09:02:29.765Z] Scout found 3 new agents (216 total)
[2026-05-07T09:02:29.884Z] Cycle error: could not coalesce error (error={ "code": -32016, "message": "over rate limit" }, payload={ "id": 2,
[2026-05-07T09:31:36.101Z] === Scout + Drop Cycle ===
[2026-05-07T09:31:36.102Z] Running agent scout...
[2026-05-07T09:33:28.767Z] Scout found 11 new agents (227 total)
[2026-05-07T09:33:28.911Z] Wallet: 0xE2a4A8b9d77080c57799A94BA8eDeb2Dd6e0aC10 | MfT: 2901238 | ETH: 0.001313
[2026-05-07T09:33:28.912Z] Dropping 100 MfT + note to 16 targets...
[2026-05-07T09:33:30.282Z]   Note skipped for 0xad675d409c..
[2026-05-07T09:33:30.283Z]   [1/16] 0xad675d409ccb.. [hot] score:42 OK
[2026-05-07T09:33:45.164Z]   [2/16] 0x9b251e6ba457.. [hot] score:36 OK
[2026-05-07T09:34:01.135Z]   [3/16] 0x1a68905a575d.. [hot] score:36 OK
[2026-05-07T09:34:09.091Z]   Note skipped for 0x89fed905cc..
[2026-05-07T09:34:09.092Z]   [4/16] 0x89fed905cc97.. [hot] score:36 OK
[2026-05-07T09:34:23.885Z]   [5/16] 0x39c30ab9da0e.. [hot] score:35 OK
[2026-05-07T09:34:38.512Z]   [6/16] 0x7118fc48f5fb.. [hot] score:35 OK
[2026-05-07T09:34:52.984Z]   [7/16] 0xa7b326ad42df.. [warm] score:29 OK
[2026-05-07T09:35:00.304Z]   Note skipped for 0x66668bf6ee..
[2026-05-07T09:35:00.306Z]   [8/16] 0x66668bf6ee64.. [warm] score:27 OK
[2026-05-07T09:35:14.286Z]   [9/16] 0x66610b38fed8.. [warm] score:27 OK
[2026-05-07T09:35:30.600Z]   [10/16] 0x3d75877b9460.. [warm] score:27 OK
[2026-05-07T09:35:36.856Z]   Note skipped for 0xc460b4990d..
[2026-05-07T09:35:36.858Z]   [11/16] 0xc460b4990d05.. [warm] score:27 OK
[2026-05-07T09:35:47.722Z]   [12/16] 0xa94c05c9949c.. [warm] score:21 OK
[2026-05-07T09:36:03.301Z]   [13/16] 0xe8c717ca06e2.. [warm] score:21 OK
[2026-05-07T09:36:20.304Z]   [14/16] 0x2b88a3f9eda0.. [warm] score:21 OK
[2026-05-07T09:36:27.412Z]   Note skipped for 0x666dbb0065..
[2026-05-07T09:36:27.414Z]   [15/16] 0x666dbb006515.. [warm] score:21 OK
[2026-05-07T09:36:42.450Z]   [16/16] 0x61a947b31b1b.. [warm] score:21 OK
[2026-05-07T09:36:42.450Z] Drops complete: 16/16 sent, 1600 MfT total
[2026-05-07T09:36:42.450Z] Cycle done. New agents: 11, Drops: 16
[2026-05-07T09:36:42.450Z] Next scan in 30 minutes...
[2026-05-07T10:01:36.113Z] === Scout + Drop Cycle ===
[2026-05-07T10:01:36.113Z] Running agent scout...
[2026-05-07T10:02:10.423Z] Scout found 3 new agents (230 total)
[2026-05-07T10:02:10.547Z] Wallet: 0xE2a4A8b9d77080c57799A94BA8eDeb2Dd6e0aC10 | MfT: 2899638 | ETH: 0.001260
[2026-05-07T10:02:10.547Z] Dropping 100 MfT + note to 3 targets...
[2026-05-07T10:02:25.637Z]   [1/3] 0xd2da5153eee2.. [warm] score:24 OK
[2026-05-07T10:02:44.746Z]   [2/3] 0xd7873d7c93a9.. [warm] score:24 OK
[2026-05-07T10:02:56.649Z]   [3/3] 0xd59f9370b391.. [warm] score:21 OK
[2026-05-07T10:02:56.649Z] Drops complete: 3/3 sent, 300 MfT total
[2026-05-07T10:02:56.649Z] Cycle done. New agents: 3, Drops: 3
[2026-05-07T10:02:56.649Z] Next scan in 30 minutes...
[2026-05-07T10:31:36.116Z] === Scout + Drop Cycle ===
[2026-05-07T10:31:36.117Z] Running agent scout...
[2026-05-07T10:32:08.259Z] Scout found 1 new agents (231 total)
[2026-05-07T10:32:08.387Z] Wallet: 0xE2a4A8b9d77080c57799A94BA8eDeb2Dd6e0aC10 | MfT: 2899338 | ETH: 0.001239
[2026-05-07T10:32:08.388Z] Dropping 100 MfT + note to 1 targets...
[2026-05-07T10:32:24.019Z]   [1/1] 0x666d5113677e.. [warm] score:21 OK
[2026-05-07T10:32:24.019Z] Drops complete: 1/1 sent, 100 MfT total
[2026-05-07T10:32:24.019Z] Cycle done. New agents: 1, Drops: 1
[2026-05-07T10:32:24.019Z] Next scan in 30 minutes...
[2026-05-07T11:01:36.121Z] === Scout + Drop Cycle ===
[2026-05-07T11:01:36.121Z] Running agent scout...
[2026-05-07T11:01:56.921Z] Scout found 1 new agents (232 total)
[2026-05-07T11:01:56.922Z] No new targets to drop.
[2026-05-07T11:01:56.922Z] Cycle done. New agents: 1, Drops: 0
[2026-05-07T11:01:56.922Z] Next scan in 30 minutes...
[2026-05-07T11:31:36.128Z] === Scout + Drop Cycle ===
[2026-05-07T11:31:36.129Z] Running agent scout...
[2026-05-07T11:32:36.553Z] Scout found 3 new agents (235 total)
[2026-05-07T11:32:36.674Z] Cycle error: could not coalesce error (error={ "code": -32016, "message": "over rate limit" }, payload={ "id": 2,
[2026-05-07T12:01:36.136Z] === Scout + Drop Cycle ===
[2026-05-07T12:01:36.136Z] Running agent scout...
[2026-05-07T12:03:36.140Z] Scout error: spawnSync C:\Windows\system32\cmd.exe ETIMEDOUT
[2026-05-07T12:03:38.396Z] Wallet: 0xE2a4A8b9d77080c57799A94BA8eDeb2Dd6e0aC10 | MfT: 2899238 | ETH: 0.001069
[2026-05-07T12:03:38.396Z] Dropping 100 MfT + note to 3 targets...
[2026-05-07T12:03:40.575Z]   FAILED 0x8b25c9f9c5d0.. : replacement fee too low (transaction="0x02f8b182210582257b830f424083a7d8c082e92b
[2026-05-07T12:03:53.766Z]   [1/3] 0x97cfeb57020f.. [warm] score:29 OK
[2026-05-07T12:03:59.955Z]   [2/3] 0x49a9bc0124da.. [warm] score:26 OK
[2026-05-07T12:03:59.955Z] Drops complete: 2/3 sent, 200 MfT total
[2026-05-07T12:03:59.955Z] Cycle done. New agents: 0, Drops: 2
[2026-05-07T12:03:59.955Z] Next scan in 30 minutes...
[2026-05-07T12:31:36.136Z] === Scout + Drop Cycle ===
[2026-05-07T12:31:36.137Z] Running agent scout...
[2026-05-07T12:33:08.491Z] Scout found 2 new agents (237 total)
[2026-05-07T12:33:08.696Z] Wallet: 0xE2a4A8b9d77080c57799A94BA8eDeb2Dd6e0aC10 | MfT: 2899038 | ETH: 0.000927
[2026-05-07T12:33:08.696Z] Dropping 100 MfT + note to 3 targets...
[2026-05-07T12:33:20.404Z]   [1/3] 0x8b25c9f9c5d0.. [hot] score:35 OK
[2026-05-07T12:33:36.955Z]   [2/3] 0xf91e8bf46b9e.. [warm] score:29 OK
[2026-05-07T12:33:47.356Z]   [3/3] 0x297773a41e7e.. [warm] score:27 OK
[2026-05-07T12:33:47.357Z] Drops complete: 3/3 sent, 300 MfT total
[2026-05-07T12:33:47.357Z] Cycle done. New agents: 2, Drops: 3
[2026-05-07T12:33:47.357Z] Next scan in 30 minutes...
[2026-05-07T13:01:36.144Z] === Scout + Drop Cycle ===
[2026-05-07T13:01:36.145Z] Running agent scout...
[2026-05-07T13:01:57.930Z] Scout found 1 new agents (238 total)
[2026-05-07T13:01:58.080Z] Cycle error: could not coalesce error (error={ "code": -32016, "message": "over rate limit" }, payload={ "id": 2,
[2026-05-07T13:31:36.154Z] === Scout + Drop Cycle ===
[2026-05-07T13:31:36.155Z] Running agent scout...
[2026-05-07T13:33:36.169Z] Scout error: spawnSync C:\Windows\system32\cmd.exe ETIMEDOUT
[2026-05-07T13:33:36.283Z] Wallet: 0xE2a4A8b9d77080c57799A94BA8eDeb2Dd6e0aC10 | MfT: 2898738 | ETH: 0.000925
[2026-05-07T13:33:36.283Z] Dropping 100 MfT + note to 1 targets...
[2026-05-07T13:33:49.510Z]   [1/1] 0x3239ce8e5c79.. [hot] score:42 OK
[2026-05-07T13:33:49.510Z] Drops complete: 1/1 sent, 100 MfT total
[2026-05-07T13:33:49.511Z] Cycle done. New agents: 0, Drops: 1
[2026-05-07T13:33:49.511Z] Next scan in 30 minutes...
[2026-05-07T14:01:36.162Z] === Scout + Drop Cycle ===
[2026-05-07T14:01:36.163Z] Running agent scout...
[2026-05-07T14:02:31.646Z] Scout found 6 new agents (244 total)
[2026-05-07T14:02:31.647Z] No new targets to drop.
[2026-05-07T14:02:31.647Z] Cycle done. New agents: 6, Drops: 0
[2026-05-07T14:02:31.647Z] Next scan in 30 minutes...
[2026-05-07T14:31:36.171Z] === Scout + Drop Cycle ===
[2026-05-07T14:31:36.171Z] Running agent scout...
[2026-05-07T14:31:57.843Z] Scout found 4 new agents (248 total)
[2026-05-07T14:31:57.980Z] Cycle error: could not coalesce error (error={ "code": -32016, "message": "over rate limit" }, payload={ "id": 2,
[2026-05-07T15:01:36.181Z] === Scout + Drop Cycle ===
[2026-05-07T15:01:36.182Z] Running agent scout...
[2026-05-07T15:01:58.407Z] Scout found 2 new agents (250 total)
[2026-05-07T15:01:58.538Z] Cycle error: could not coalesce error (error={ "code": -32016, "message": "over rate limit" }, payload={ "id": 2,
[2026-05-07T15:31:36.187Z] === Scout + Drop Cycle ===
[2026-05-07T15:31:36.188Z] Running agent scout...
[2026-05-07T15:32:03.295Z] Scout found 0 new agents (250 total)
[2026-05-07T15:32:03.436Z] Wallet: 0xE2a4A8b9d77080c57799A94BA8eDeb2Dd6e0aC10 | MfT: 2898638 | ETH: 0.000911
[2026-05-07T15:32:03.436Z] Dropping 100 MfT + note to 2 targets...
[2026-05-07T15:32:13.361Z]   [1/2] 0x1af081a97af0.. [warm] score:21 OK
[2026-05-07T15:32:23.980Z]   [2/2] 0x88492ffacdc1.. [warm] score:21 OK
[2026-05-07T15:32:23.980Z] Drops complete: 2/2 sent, 200 MfT total
[2026-05-07T15:32:23.981Z] Cycle done. New agents: 0, Drops: 2
[2026-05-07T15:32:23.981Z] Next scan in 30 minutes...
[2026-05-07T16:01:36.198Z] === Scout + Drop Cycle ===
[2026-05-07T16:01:36.199Z] Running agent scout...
[2026-05-07T16:03:04.315Z] Scout found 1 new agents (251 total)
[2026-05-07T16:03:04.471Z] Wallet: 0xE2a4A8b9d77080c57799A94BA8eDeb2Dd6e0aC10 | MfT: 2898438 | ETH: 0.002849
[2026-05-07T16:03:04.471Z] Dropping 100 MfT + note to 1 targets...
[2026-05-07T16:03:14.980Z]   [1/1] 0x97e4a7536504.. [warm] score:24 OK
[2026-05-07T16:03:14.980Z] Drops complete: 1/1 sent, 100 MfT total
[2026-05-07T16:03:14.980Z] Cycle done. New agents: 1, Drops: 1
[2026-05-07T16:03:14.981Z] Next scan in 30 minutes...
[2026-05-07T16:31:36.203Z] === Scout + Drop Cycle ===
[2026-05-07T16:31:36.204Z] Running agent scout...
[2026-05-07T16:33:04.443Z] Scout found 5 new agents (256 total)
[2026-05-07T16:33:04.577Z] Wallet: 0xE2a4A8b9d77080c57799A94BA8eDeb2Dd6e0aC10 | MfT: 2898338 | ETH: 0.002657
[2026-05-07T16:33:04.578Z] Dropping 100 MfT + note to 5 targets...
[2026-05-07T16:33:10.092Z]   [1/5] 0x845ebe77e366.. [warm] score:29 OK
[2026-05-07T16:33:24.543Z]   [2/5] 0x69bba16f52a9.. [warm] score:26 OK
[2026-05-07T16:33:39.073Z]   [3/5] 0xceb1f07d6aa9.. [warm] score:24 OK
[2026-05-07T16:33:53.512Z]   [4/5] 0x666b07f5fb0a.. [warm] score:21 OK
[2026-05-07T16:34:07.937Z]   [5/5] 0x630daec6acd8.. [warm] score:21 OK
[2026-05-07T16:34:07.937Z] Drops complete: 5/5 sent, 500 MfT total
[2026-05-07T16:34:07.937Z] Cycle done. New agents: 5, Drops: 5
[2026-05-07T16:34:07.937Z] Next scan in 30 minutes...
[2026-05-07T17:01:36.209Z] === Scout + Drop Cycle ===
[2026-05-07T17:01:36.210Z] Running agent scout...
[2026-05-07T17:02:31.639Z] Scout found 0 new agents (256 total)
[2026-05-07T17:02:31.640Z] No new targets to drop.
[2026-05-07T17:02:31.640Z] Cycle done. New agents: 0, Drops: 0
[2026-05-07T17:02:31.640Z] Next scan in 30 minutes...
[2026-05-07T17:31:36.222Z] === Scout + Drop Cycle ===
[2026-05-07T17:31:36.223Z] Running agent scout...
[2026-05-07T17:32:06.579Z] Scout found 3 new agents (259 total)
[2026-05-07T17:32:06.743Z] Wallet: 0xE2a4A8b9d77080c57799A94BA8eDeb2Dd6e0aC10 | MfT: 2897838 | ETH: 0.002646
[2026-05-07T17:32:06.743Z] Dropping 100 MfT + note to 3 targets...
[2026-05-07T17:32:12.200Z]   [1/3] 0x8d47ba07ff9c.. [warm] score:29 OK
[2026-05-07T17:32:26.612Z]   [2/3] 0x8f3b1485c891.. [warm] score:29 OK
[2026-05-07T17:32:40.887Z]   [3/3] 0x0219d164a4e9.. [warm] score:21 OK
[2026-05-07T17:32:40.887Z] Drops complete: 3/3 sent, 300 MfT total
[2026-05-07T17:32:40.887Z] Cycle done. New agents: 3, Drops: 3
[2026-05-07T17:32:40.887Z] Next scan in 30 minutes...
[2026-05-07T18:01:36.232Z] === Scout + Drop Cycle ===
[2026-05-07T18:01:36.233Z] Running agent scout...
[2026-05-07T18:02:23.832Z] Scout found 2 new agents (261 total)
[2026-05-07T18:02:23.975Z] Wallet: 0xE2a4A8b9d77080c57799A94BA8eDeb2Dd6e0aC10 | MfT: 2897538 | ETH: 0.002645
[2026-05-07T18:02:23.976Z] Dropping 100 MfT + note to 2 targets...
[2026-05-07T18:02:34.196Z]   [1/2] 0xb01fc5ad5d1c.. [hot] score:36 OK
[2026-05-07T18:02:48.668Z]   [2/2] 0x26c5a1167567.. [warm] score:21 OK
[2026-05-07T18:02:48.668Z] Drops complete: 2/2 sent, 200 MfT total
[2026-05-07T18:02:48.668Z] Cycle done. New agents: 2, Drops: 2
[2026-05-07T18:02:48.669Z] Next scan in 30 minutes...
[2026-05-07T18:31:36.248Z] === Scout + Drop Cycle ===
[2026-05-07T18:31:36.249Z] Running agent scout...
[2026-05-07T18:33:36.260Z] Scout error: spawnSync C:\Windows\system32\cmd.exe ETIMEDOUT
[2026-05-07T18:33:36.262Z] No new targets to drop.
[2026-05-07T18:33:36.262Z] Cycle done. New agents: 0, Drops: 0
[2026-05-07T18:33:36.262Z] Next scan in 30 minutes...
[2026-05-07T19:01:36.259Z] === Scout + Drop Cycle ===
[2026-05-07T19:01:36.260Z] Running agent scout...
[2026-05-07T19:03:16.272Z] Scout found 3 new agents (264 total)
[2026-05-07T19:03:16.398Z] Wallet: 0xE2a4A8b9d77080c57799A94BA8eDeb2Dd6e0aC10 | MfT: 2897338 | ETH: 0.002644
[2026-05-07T19:03:16.398Z] Dropping 100 MfT + note to 3 targets...
[2026-05-07T19:03:24.686Z]   [1/3] 0xb9d99ec2931b.. [hot] score:30 OK
[2026-05-07T19:03:40.162Z]   [2/3] 0x2b4062de4aad.. [hot] score:30 OK
[2026-05-07T19:04:04.261Z]   [3/3] 0xcf4dab1dc56e.. [warm] score:27 OK
[2026-05-07T19:04:04.261Z] Drops complete: 3/3 sent, 300 MfT total
[2026-05-07T19:04:04.261Z] Cycle done. New agents: 3, Drops: 3
[2026-05-07T19:04:04.261Z] Next scan in 30 minutes...
[2026-05-07T19:31:36.269Z] === Scout + Drop Cycle ===
[2026-05-07T19:31:36.270Z] Running agent scout...
[2026-05-07T19:33:36.275Z] Scout error: spawnSync C:\Windows\system32\cmd.exe ETIMEDOUT
[2026-05-07T19:33:36.276Z] No new targets to drop.
[2026-05-07T19:33:36.276Z] Cycle done. New agents: 0, Drops: 0
[2026-05-07T19:33:36.276Z] Next scan in 30 minutes...
[2026-05-07T20:01:36.271Z] === Scout + Drop Cycle ===
[2026-05-07T20:01:36.272Z] Running agent scout...
[2026-05-07T20:02:46.714Z] Scout found 0 new agents (264 total)
[2026-05-07T20:02:46.717Z] No new targets to drop.
[2026-05-07T20:02:46.717Z] Cycle done. New agents: 0, Drops: 0
[2026-05-07T20:02:46.717Z] Next scan in 30 minutes...
[2026-05-07T20:31:36.272Z] === Scout + Drop Cycle ===
[2026-05-07T20:31:36.273Z] Running agent scout...
[2026-05-07T20:32:09.022Z] Scout found 1 new agents (265 total)
[2026-05-07T20:32:09.159Z] Wallet: 0xE2a4A8b9d77080c57799A94BA8eDeb2Dd6e0aC10 | MfT: 2897038 | ETH: 0.002322
[2026-05-07T20:32:09.159Z] Dropping 100 MfT + note to 1 targets...
[2026-05-07T20:32:09.781Z]   FAILED 0x72d6d3574300.. : could not coalesce error (error={ "code": -32016, "message": "over rate limit" }
[2026-05-07T20:32:09.782Z] Drops complete: 0/1 sent, 0 MfT total
[2026-05-07T20:32:09.782Z] Cycle done. New agents: 1, Drops: 0
[2026-05-07T20:32:09.782Z] Next scan in 30 minutes...
[2026-05-07T21:01:36.276Z] === Scout + Drop Cycle ===
[2026-05-07T21:01:36.277Z] Running agent scout...
[2026-05-07T21:02:02.852Z] Scout found 4 new agents (269 total)
[2026-05-07T21:02:03.009Z] Wallet: 0xE2a4A8b9d77080c57799A94BA8eDeb2Dd6e0aC10 | MfT: 2896938 | ETH: 0.002291
[2026-05-07T21:02:03.010Z] Dropping 100 MfT + note to 3 targets...
[2026-05-07T21:02:12.950Z]   [1/3] 0x6664f97aef17.. [warm] score:27 OK
[2026-05-07T21:02:23.599Z]   [2/3] 0x72d6d3574300.. [warm] score:21 OK
[2026-05-07T21:02:34.100Z]   [3/3] 0xcbbab726ac36.. [warm] score:21 OK
[2026-05-07T21:02:34.100Z] Drops complete: 3/3 sent, 300 MfT total
[2026-05-07T21:02:34.100Z] Cycle done. New agents: 4, Drops: 3
[2026-05-07T21:02:34.100Z] Next scan in 30 minutes...
[2026-05-07T21:31:36.284Z] === Scout + Drop Cycle ===
[2026-05-07T21:31:36.285Z] Running agent scout...
[2026-05-07T21:32:09.188Z] Scout found 1 new agents (270 total)
[2026-05-07T21:32:09.387Z] Wallet: 0xE2a4A8b9d77080c57799A94BA8eDeb2Dd6e0aC10 | MfT: 2896638 | ETH: 0.002289
[2026-05-07T21:32:09.388Z] Dropping 100 MfT + note to 1 targets...
[2026-05-07T21:32:11.172Z]   Note skipped for 0xc14c253b38..
[2026-05-07T21:32:11.173Z]   [1/1] 0xc14c253b38c3.. [warm] score:29 OK
[2026-05-07T21:32:11.173Z] Drops complete: 1/1 sent, 100 MfT total
[2026-05-07T21:32:11.173Z] Cycle done. New agents: 1, Drops: 1
[2026-05-07T21:32:11.173Z] Next scan in 30 minutes...
[2026-05-07T22:01:36.297Z] === Scout + Drop Cycle ===
[2026-05-07T22:01:36.297Z] Running agent scout...
[2026-05-07T22:03:36.302Z] Scout error: spawnSync C:\Windows\system32\cmd.exe ETIMEDOUT
[2026-05-07T22:03:36.303Z] No new targets to drop.
[2026-05-07T22:03:36.303Z] Cycle done. New agents: 0, Drops: 0
[2026-05-07T22:03:36.304Z] Next scan in 30 minutes...
[2026-05-07T22:31:33.737Z] === Scout + Drop Cycle ===
[2026-05-07T22:31:33.738Z] Running agent scout...
[2026-05-07T22:33:06.189Z] Scout found 2 new agents (272 total)
[2026-05-07T22:33:09.831Z] Wallet: 0xE2a4A8b9d77080c57799A94BA8eDeb2Dd6e0aC10 | MfT: 2895838 | ETH: 0.002259
[2026-05-07T22:33:09.831Z] Dropping 100 MfT + note to 2 targets...
[2026-05-07T22:33:21.803Z]   [1/2] 0x666c4271f405.. [hot] score:36 OK
[2026-05-07T22:33:28.594Z]   Note skipped for 0xce1a1b1881..
[2026-05-07T22:33:28.595Z]   [2/2] 0xce1a1b1881ba.. [warm] score:24 OK
[2026-05-07T22:33:28.595Z] Drops complete: 2/2 sent, 200 MfT total
[2026-05-07T22:33:28.595Z] Cycle done. New agents: 2, Drops: 2
[2026-05-07T22:33:28.595Z] Next scan in 30 minutes...
[2026-05-07T23:01:33.752Z] === Scout + Drop Cycle ===
[2026-05-07T23:01:33.752Z] Running agent scout...
[2026-05-07T23:03:33.756Z] Scout error: spawnSync C:\Windows\system32\cmd.exe ETIMEDOUT
[2026-05-07T23:03:33.758Z] No new targets to drop.
[2026-05-07T23:03:33.758Z] Cycle done. New agents: 0, Drops: 0
[2026-05-07T23:03:33.758Z] Next scan in 30 minutes...
[2026-05-07T23:31:33.763Z] === Scout + Drop Cycle ===
[2026-05-07T23:31:33.763Z] Running agent scout...
[2026-05-07T23:33:10.754Z] Scout found 0 new agents (272 total)
[2026-05-07T23:33:10.757Z] No new targets to drop.
[2026-05-07T23:33:10.757Z] Cycle done. New agents: 0, Drops: 0
[2026-05-07T23:33:10.757Z] Next scan in 30 minutes...
[2026-05-08T00:01:33.770Z] === Scout + Drop Cycle ===
[2026-05-08T00:01:33.771Z] Running agent scout...
[2026-05-08T00:03:33.775Z] Scout error: spawnSync C:\Windows\system32\cmd.exe ETIMEDOUT
[2026-05-08T00:03:33.776Z] No new targets to drop.
[2026-05-08T00:03:33.777Z] Cycle done. New agents: 0, Drops: 0
[2026-05-08T00:03:33.777Z] Next scan in 30 minutes...
[2026-05-08T00:31:33.776Z] === Scout + Drop Cycle ===
[2026-05-08T00:31:33.777Z] Running agent scout...
[2026-05-08T00:33:33.790Z] Scout error: spawnSync C:\Windows\system32\cmd.exe ETIMEDOUT
[2026-05-08T00:33:33.792Z] No new targets to drop.
[2026-05-08T00:33:33.792Z] Cycle done. New agents: 0, Drops: 0
[2026-05-08T00:33:33.792Z] Next scan in 30 minutes...
